This is pdfTeX, Version 3.141592653-2.6-1.40.27 (TeX Live 2025/nixos.org) (preloaded format=pdflatex 1980.1.1)  18 FEB 2026 13:20
entering extended mode
 restricted \write18 enabled.
 file:line:error style messages enabled.
 %&-line parsing enabled.
**EarL.tex
(./EarL.tex
LaTeX2e <2025-06-01> patch level 1
L3 programming layer <2025-06-09>
(/nix/store/qj971xbmpyff2na6b62agy00kzabs7a7-texlive-2025-env-texmfdist/tex/latex/base/article.cls
Document Class: article 2025/01/22 v1.4n Standard LaTeX document class
(/nix/store/qj971xbmpyff2na6b62agy00kzabs7a7-texlive-2025-env-texmfdist/tex/latex/base/size12.clo
File: size12.clo 2025/01/22 v1.4n Standard LaTeX file (size option)
)
\c@part=\count275
\c@section=\count276
\c@subsection=\count277
\c@subsubsection=\count278
\c@paragraph=\count279
\c@subparagraph=\count280
\c@figure=\count281
\c@table=\count282
\abovecaptionskip=\skip49
\belowcaptionskip=\skip50
\bibindent=\dimen148
) (/nix/store/qj971xbmpyff2na6b62agy00kzabs7a7-texlive-2025-env-texmfdist/tex/latex/graphics/graphicx.sty
Package: graphicx 2024/12/31 v1.2e Enhanced LaTeX Graphics (DPC,SPQR)
 (/nix/store/qj971xbmpyff2na6b62agy00kzabs7a7-texlive-2025-env-texmfdist/tex/latex/graphics/keyval.sty
Package: keyval 2022/05/29 v1.15 key=value parser (DPC)
\KV@toks@=\toks17
) (/nix/store/qj971xbmpyff2na6b62agy00kzabs7a7-texlive-2025-env-texmfdist/tex/latex/graphics/graphics.sty
Package: graphics 2024/08/06 v1.4g Standard LaTeX Graphics (DPC,SPQR)
 (/nix/store/qj971xbmpyff2na6b62agy00kzabs7a7-texlive-2025-env-texmfdist/tex/latex/graphics/trig.sty
Package: trig 2023/12/02 v1.11 sin cos tan (DPC)
) (/nix/store/qj971xbmpyff2na6b62agy00kzabs7a7-texlive-2025-env-texmfdist/tex/latex/graphics-cfg/graphics.cfg
File: graphics.cfg 2016/06/04 v1.11 sample graphics configuration
)
Package graphics Info: Driver file: pdftex.def on input line 106.
 (/nix/store/qj971xbmpyff2na6b62agy00kzabs7a7-texlive-2025-env-texmfdist/tex/latex/graphics-def/pdftex.def
File: pdftex.def 2024/04/13 v1.2c Graphics/color driver for pdftex
))
\Gin@req@height=\dimen149
\Gin@req@width=\dimen150
) (/nix/store/qj971xbmpyff2na6b62agy00kzabs7a7-texlive-2025-env-texmfdist/tex/latex/amsmath/amsmath.sty
Package: amsmath 2025/06/16 v2.17y AMS math features
\@mathmargin=\skip51

For additional information on amsmath, use the `?' option.
(/nix/store/qj971xbmpyff2na6b62agy00kzabs7a7-texlive-2025-env-texmfdist/tex/latex/amsmath/amstext.sty
Package: amstext 2024/11/17 v2.01 AMS text
 (/nix/store/qj971xbmpyff2na6b62agy00kzabs7a7-texlive-2025-env-texmfdist/tex/latex/amsmath/amsgen.sty
File: amsgen.sty 1999/11/30 v2.0 generic functions
\@emptytoks=\toks18
\ex@=\dimen151
)) (/nix/store/qj971xbmpyff2na6b62agy00kzabs7a7-texlive-2025-env-texmfdist/tex/latex/amsmath/amsbsy.sty
Package: amsbsy 1999/11/29 v1.2d Bold Symbols
\pmbraise@=\dimen152
) (/nix/store/qj971xbmpyff2na6b62agy00kzabs7a7-texlive-2025-env-texmfdist/tex/latex/amsmath/amsopn.sty
Package: amsopn 2022/04/08 v2.04 operator names
)
\inf@bad=\count283
LaTeX Info: Redefining \frac on input line 233.
\uproot@=\count284
\leftroot@=\count285
LaTeX Info: Redefining \overline on input line 398.
LaTeX Info: Redefining \colon on input line 409.
\classnum@=\count286
\DOTSCASE@=\count287
LaTeX Info: Redefining \ldots on input line 495.
LaTeX Info: Redefining \dots on input line 498.
LaTeX Info: Redefining \cdots on input line 619.
\Mathstrutbox@=\box53
\strutbox@=\box54
LaTeX Info: Redefining \big on input line 721.
LaTeX Info: Redefining \Big on input line 722.
LaTeX Info: Redefining \bigg on input line 723.
LaTeX Info: Redefining \Bigg on input line 724.
\big@size=\dimen153
LaTeX Font Info:    Redeclaring font encoding OML on input line 742.
LaTeX Font Info:    Redeclaring font encoding OMS on input line 743.
\macc@depth=\count288
LaTeX Info: Redefining \bmod on input line 904.
LaTeX Info: Redefining \pmod on input line 909.
LaTeX Info: Redefining \smash on input line 939.
LaTeX Info: Redefining \relbar on input line 969.
LaTeX Info: Redefining \Relbar on input line 970.
\c@MaxMatrixCols=\count289
\dotsspace@=\muskip17
\c@parentequation=\count290
\dspbrk@lvl=\count291
\tag@help=\toks19
\row@=\count292
\column@=\count293
\maxfields@=\count294
\andhelp@=\toks20
\eqnshift@=\dimen154
\alignsep@=\dimen155
\tagshift@=\dimen156
\tagwidth@=\dimen157
\totwidth@=\dimen158
\lineht@=\dimen159
\@envbody=\toks21
\multlinegap=\skip52
\multlinetaggap=\skip53
\mathdisplay@stack=\toks22
LaTeX Info: Redefining \[ on input line 2949.
LaTeX Info: Redefining \] on input line 2950.
) (/nix/store/qj971xbmpyff2na6b62agy00kzabs7a7-texlive-2025-env-texmfdist/tex/latex/gensymb/gensymb.sty
Package: gensymb 2022/10/17 v1.0.2 (KJH)
) (/nix/store/qj971xbmpyff2na6b62agy00kzabs7a7-texlive-2025-env-texmfdist/tex/latex/geometry/geometry.sty
Package: geometry 2020/01/02 v5.9 Page Geometry
 (/nix/store/qj971xbmpyff2na6b62agy00kzabs7a7-texlive-2025-env-texmfdist/tex/generic/iftex/ifvtex.sty
Package: ifvtex 2019/10/25 v1.7 ifvtex legacy package. Use iftex instead.
 (/nix/store/qj971xbmpyff2na6b62agy00kzabs7a7-texlive-2025-env-texmfdist/tex/generic/iftex/iftex.sty
Package: iftex 2024/12/12 v1.0g TeX engine tests
))
\Gm@cnth=\count295
\Gm@cntv=\count296
\c@Gm@tempcnt=\count297
\Gm@bindingoffset=\dimen160
\Gm@wd@mp=\dimen161
\Gm@odd@mp=\dimen162
\Gm@even@mp=\dimen163
\Gm@layoutwidth=\dimen164
\Gm@layoutheight=\dimen165
\Gm@layouthoffset=\dimen166
\Gm@layoutvoffset=\dimen167
\Gm@dimlist=\toks23
) (/nix/store/qj971xbmpyff2na6b62agy00kzabs7a7-texlive-2025-env-texmfdist/tex/latex/fancyhdr/fancyhdr.sty
Package: fancyhdr 2025/02/07 v5.2 Extensive control of page headers and footers
\f@nch@headwidth=\skip54
\f@nch@offset@elh=\skip55
\f@nch@offset@erh=\skip56
\f@nch@offset@olh=\skip57
\f@nch@offset@orh=\skip58
\f@nch@offset@elf=\skip59
\f@nch@offset@erf=\skip60
\f@nch@offset@olf=\skip61
\f@nch@offset@orf=\skip62
\f@nch@height=\skip63
\f@nch@footalignment=\skip64
\f@nch@widthL=\skip65
\f@nch@widthC=\skip66
\f@nch@widthR=\skip67
\@temptokenb=\toks24
) (/nix/store/qj971xbmpyff2na6b62agy00kzabs7a7-texlive-2025-env-texmfdist/tex/latex/pgfplots/pgfplots.sty (/nix/store/qj971xbmpyff2na6b62agy00kzabs7a7-texlive-2025-env-texmfdist/tex/generic/pgfplots/pgfplots.revision.tex)
Package: pgfplots 2021/05/15 v1.18.1 Data Visualization (1.18.1)
 (/nix/store/qj971xbmpyff2na6b62agy00kzabs7a7-texlive-2025-env-texmfdist/tex/latex/pgf/frontendlayer/tikz.sty (/nix/store/qj971xbmpyff2na6b62agy00kzabs7a7-texlive-2025-env-texmfdist/tex/latex/pgf/basiclayer/pgf.sty (/nix/store/qj971xbmpyff2na6b62agy00kzabs7a7-texlive-2025-env-texmfdist/tex/latex/pgf/utilities/pgfrcs.sty (/nix/store/qj971xbmpyff2na6b62agy00kzabs7a7-texlive-2025-env-texmfdist/tex/generic/pgf/utilities/pgfutil-common.tex
\pgfutil@everybye=\toks25
\pgfutil@tempdima=\dimen168
\pgfutil@tempdimb=\dimen169
) (/nix/store/qj971xbmpyff2na6b62agy00kzabs7a7-texlive-2025-env-texmfdist/tex/generic/pgf/utilities/pgfutil-latex.def
\pgfutil@abb=\box55
) (/nix/store/qj971xbmpyff2na6b62agy00kzabs7a7-texlive-2025-env-texmfdist/tex/generic/pgf/utilities/pgfrcs.code.tex (/nix/store/qj971xbmpyff2na6b62agy00kzabs7a7-texlive-2025-env-texmfdist/tex/generic/pgf/pgf.revision.tex)
Package: pgfrcs 2023-01-15 v3.1.10 (3.1.10)
))
Package: pgf 2023-01-15 v3.1.10 (3.1.10)

(/nix/store/qj971xbmpyff2na6b62agy00kzabs7a7-texlive-2025-env-texmfdist/tex/latex/pgf/basiclayer/pgfcore.sty (/nix/store/qj971xbmpyff2na6b62agy00kzabs7a7-texlive-2025-env-texmfdist/tex/latex/pgf/systemlayer/pgfsys.sty (/nix/store/qj971xbmpyff2na6b62agy00kzabs7a7-texlive-2025-env-texmfdist/tex/generic/pgf/systemlayer/pgfsys.code.tex
Package: pgfsys 2023-01-15 v3.1.10 (3.1.10)
 (/nix/store/qj971xbmpyff2na6b62agy00kzabs7a7-texlive-2025-env-texmfdist/tex/generic/pgf/utilities/pgfkeys.code.tex
\pgfkeys@pathtoks=\toks26
\pgfkeys@temptoks=\toks27
 (/nix/store/qj971xbmpyff2na6b62agy00kzabs7a7-texlive-2025-env-texmfdist/tex/generic/pgf/utilities/pgfkeyslibraryfiltered.code.tex
\pgfkeys@tmptoks=\toks28
))
\pgf@x=\dimen170
\pgf@y=\dimen171
\pgf@xa=\dimen172
\pgf@ya=\dimen173
\pgf@xb=\dimen174
\pgf@yb=\dimen175
\pgf@xc=\dimen176
\pgf@yc=\dimen177
\pgf@xd=\dimen178
\pgf@yd=\dimen179
\w@pgf@writea=\write3
\r@pgf@reada=\read2
\c@pgf@counta=\count298
\c@pgf@countb=\count299
\c@pgf@countc=\count300
\c@pgf@countd=\count301
\t@pgf@toka=\toks29
\t@pgf@tokb=\toks30
\t@pgf@tokc=\toks31
\pgf@sys@id@count=\count302
 (/nix/store/qj971xbmpyff2na6b62agy00kzabs7a7-texlive-2025-env-texmfdist/tex/generic/pgf/systemlayer/pgf.cfg
File: pgf.cfg 2023-01-15 v3.1.10 (3.1.10)
)
Driver file for pgf: pgfsys-pdftex.def
 (/nix/store/qj971xbmpyff2na6b62agy00kzabs7a7-texlive-2025-env-texmfdist/tex/generic/pgf/systemlayer/pgfsys-pdftex.def
File: pgfsys-pdftex.def 2023-01-15 v3.1.10 (3.1.10)
 (/nix/store/qj971xbmpyff2na6b62agy00kzabs7a7-texlive-2025-env-texmfdist/tex/generic/pgf/systemlayer/pgfsys-common-pdf.def
File: pgfsys-common-pdf.def 2023-01-15 v3.1.10 (3.1.10)
))) (/nix/store/qj971xbmpyff2na6b62agy00kzabs7a7-texlive-2025-env-texmfdist/tex/generic/pgf/systemlayer/pgfsyssoftpath.code.tex
File: pgfsyssoftpath.code.tex 2023-01-15 v3.1.10 (3.1.10)
\pgfsyssoftpath@smallbuffer@items=\count303
\pgfsyssoftpath@bigbuffer@items=\count304
) (/nix/store/qj971xbmpyff2na6b62agy00kzabs7a7-texlive-2025-env-texmfdist/tex/generic/pgf/systemlayer/pgfsysprotocol.code.tex
File: pgfsysprotocol.code.tex 2023-01-15 v3.1.10 (3.1.10)
)) (/nix/store/qj971xbmpyff2na6b62agy00kzabs7a7-texlive-2025-env-texmfdist/tex/latex/xcolor/xcolor.sty
Package: xcolor 2024/09/29 v3.02 LaTeX color extensions (UK)
 (/nix/store/qj971xbmpyff2na6b62agy00kzabs7a7-texlive-2025-env-texmfdist/tex/latex/graphics-cfg/color.cfg
File: color.cfg 2016/01/02 v1.6 sample color configuration
)
Package xcolor Info: Driver file: pdftex.def on input line 274.
 (/nix/store/qj971xbmpyff2na6b62agy00kzabs7a7-texlive-2025-env-texmfdist/tex/latex/graphics/mathcolor.ltx)
Package xcolor Info: Model `cmy' substituted by `cmy0' on input line 1349.
Package xcolor Info: Model `hsb' substituted by `rgb' on input line 1353.
Package xcolor Info: Model `RGB' extended on input line 1365.
Package xcolor Info: Model `HTML' substituted by `rgb' on input line 1367.
Package xcolor Info: Model `Hsb' substituted by `hsb' on input line 1368.
Package xcolor Info: Model `tHsb' substituted by `hsb' on input line 1369.
Package xcolor Info: Model `HSB' substituted by `hsb' on input line 1370.
Package xcolor Info: Model `Gray' substituted by `gray' on input line 1371.
Package xcolor Info: Model `wave' substituted by `hsb' on input line 1372.
) (/nix/store/qj971xbmpyff2na6b62agy00kzabs7a7-texlive-2025-env-texmfdist/tex/generic/pgf/basiclayer/pgfcore.code.tex
Package: pgfcore 2023-01-15 v3.1.10 (3.1.10)
 (/nix/store/qj971xbmpyff2na6b62agy00kzabs7a7-texlive-2025-env-texmfdist/tex/generic/pgf/math/pgfmath.code.tex (/nix/store/qj971xbmpyff2na6b62agy00kzabs7a7-texlive-2025-env-texmfdist/tex/generic/pgf/math/pgfmathutil.code.tex) (/nix/store/qj971xbmpyff2na6b62agy00kzabs7a7-texlive-2025-env-texmfdist/tex/generic/pgf/math/pgfmathparser.code.tex
\pgfmath@dimen=\dimen180
\pgfmath@count=\count305
\pgfmath@box=\box56
\pgfmath@toks=\toks32
\pgfmath@stack@operand=\toks33
\pgfmath@stack@operation=\toks34
)
(/nix/store/qj971xbmpyff2na6b62agy00kzabs7a7-texlive-2025-env-texmfdist/tex/generic/pgf/math/pgfmathfunctions.code.tex) (/nix/store/qj971xbmpyff2na6b62agy00kzabs7a7-texlive-2025-env-texmfdist/tex/generic/pgf/math/pgfmathfunctions.basic.code.tex) (/nix/store/qj971xbmpyff2na6b62agy00kzabs7a7-texlive-2025-env-texmfdist/tex/generic/pgf/math/pgfmathfunctions.trigonometric.code.tex) (/nix/store/qj971xbmpyff2na6b62agy00kzabs7a7-texlive-2025-env-texmfdist/tex/generic/pgf/math/pgfmathfunctions.random.code.tex) (/nix/store/qj971xbmpyff2na6b62agy00kzabs7a7-texlive-2025-env-texmfdist/tex/generic/pgf/math/pgfmathfunctions.comparison.code.tex) (/nix/store/qj971xbmpyff2na6b62agy00kzabs7a7-texlive-2025-env-texmfdist/tex/generic/pgf/math/pgfmathfunctions.base.code.tex) (/nix/store/qj971xbmpyff2na6b62agy00kzabs7a7-texlive-2025-env-texmfdist/tex/generic/pgf/math/pgfmathfunctions.round.code.tex) (/nix/store/qj971xbmpyff2na6b62agy00kzabs7a7-texlive-2025-env-texmfdist/tex/generic/pgf/math/pgfmathfunctions.misc.code.tex) (/nix/store/qj971xbmpyff2na6b62agy00kzabs7a7-texlive-2025-env-texmfdist/tex/generic/pgf/math/pgfmathfunctions.integerarithmetics.code.tex) (/nix/store/qj971xbmpyff2na6b62agy00kzabs7a7-texlive-2025-env-texmfdist/tex/generic/pgf/math/pgfmathcalc.code.tex) (/nix/store/qj971xbmpyff2na6b62agy00kzabs7a7-texlive-2025-env-texmfdist/tex/generic/pgf/math/pgfmathfloat.code.tex
\c@pgfmathroundto@lastzeros=\count306
)) (/nix/store/qj971xbmpyff2na6b62agy00kzabs7a7-texlive-2025-env-texmfdist/tex/generic/pgf/math/pgfint.code.tex) (/nix/store/qj971xbmpyff2na6b62agy00kzabs7a7-texlive-2025-env-texmfdist/tex/generic/pgf/basiclayer/pgfcorepoints.code.tex
File: pgfcorepoints.code.tex 2023-01-15 v3.1.10 (3.1.10)
\pgf@picminx=\dimen181
\pgf@picmaxx=\dimen182
\pgf@picminy=\dimen183
\pgf@picmaxy=\dimen184
\pgf@pathminx=\dimen185
\pgf@pathmaxx=\dimen186
\pgf@pathminy=\dimen187
\pgf@pathmaxy=\dimen188
\pgf@xx=\dimen189
\pgf@xy=\dimen190
\pgf@yx=\dimen191
\pgf@yy=\dimen192
\pgf@zx=\dimen193
\pgf@zy=\dimen194
) (/nix/store/qj971xbmpyff2na6b62agy00kzabs7a7-texlive-2025-env-texmfdist/tex/generic/pgf/basiclayer/pgfcorepathconstruct.code.tex
File: pgfcorepathconstruct.code.tex 2023-01-15 v3.1.10 (3.1.10)
\pgf@path@lastx=\dimen195
\pgf@path@lasty=\dimen196
) (/nix/store/qj971xbmpyff2na6b62agy00kzabs7a7-texlive-2025-env-texmfdist/tex/generic/pgf/basiclayer/pgfcorepathusage.code.tex
File: pgfcorepathusage.code.tex 2023-01-15 v3.1.10 (3.1.10)
\pgf@shorten@end@additional=\dimen197
\pgf@shorten@start@additional=\dimen198
) (/nix/store/qj971xbmpyff2na6b62agy00kzabs7a7-texlive-2025-env-texmfdist/tex/generic/pgf/basiclayer/pgfcorescopes.code.tex
File: pgfcorescopes.code.tex 2023-01-15 v3.1.10 (3.1.10)
\pgfpic=\box57
\pgf@hbox=\box58
\pgf@layerbox@main=\box59
\pgf@picture@serial@count=\count307
)
(/nix/store/qj971xbmpyff2na6b62agy00kzabs7a7-texlive-2025-env-texmfdist/tex/generic/pgf/basiclayer/pgfcoregraphicstate.code.tex
File: pgfcoregraphicstate.code.tex 2023-01-15 v3.1.10 (3.1.10)
\pgflinewidth=\dimen199
) (/nix/store/qj971xbmpyff2na6b62agy00kzabs7a7-texlive-2025-env-texmfdist/tex/generic/pgf/basiclayer/pgfcoretransformations.code.tex
File: pgfcoretransformations.code.tex 2023-01-15 v3.1.10 (3.1.10)
\pgf@pt@x=\dimen256
\pgf@pt@y=\dimen257
\pgf@pt@temp=\dimen258
) (/nix/store/qj971xbmpyff2na6b62agy00kzabs7a7-texlive-2025-env-texmfdist/tex/generic/pgf/basiclayer/pgfcorequick.code.tex
File: pgfcorequick.code.tex 2023-01-15 v3.1.10 (3.1.10)
) (/nix/store/qj971xbmpyff2na6b62agy00kzabs7a7-texlive-2025-env-texmfdist/tex/generic/pgf/basiclayer/pgfcoreobjects.code.tex
File: pgfcoreobjects.code.tex 2023-01-15 v3.1.10 (3.1.10)
) (/nix/store/qj971xbmpyff2na6b62agy00kzabs7a7-texlive-2025-env-texmfdist/tex/generic/pgf/basiclayer/pgfcorepathprocessing.code.tex
File: pgfcorepathprocessing.code.tex 2023-01-15 v3.1.10 (3.1.10)
) (/nix/store/qj971xbmpyff2na6b62agy00kzabs7a7-texlive-2025-env-texmfdist/tex/generic/pgf/basiclayer/pgfcorearrows.code.tex
File: pgfcorearrows.code.tex 2023-01-15 v3.1.10 (3.1.10)
\pgfarrowsep=\dimen259
) (/nix/store/qj971xbmpyff2na6b62agy00kzabs7a7-texlive-2025-env-texmfdist/tex/generic/pgf/basiclayer/pgfcoreshade.code.tex
File: pgfcoreshade.code.tex 2023-01-15 v3.1.10 (3.1.10)
\pgf@max=\dimen260
\pgf@sys@shading@range@num=\count308
\pgf@shadingcount=\count309
) (/nix/store/qj971xbmpyff2na6b62agy00kzabs7a7-texlive-2025-env-texmfdist/tex/generic/pgf/basiclayer/pgfcoreimage.code.tex
File: pgfcoreimage.code.tex 2023-01-15 v3.1.10 (3.1.10)
) (/nix/store/qj971xbmpyff2na6b62agy00kzabs7a7-texlive-2025-env-texmfdist/tex/generic/pgf/basiclayer/pgfcoreexternal.code.tex
File: pgfcoreexternal.code.tex 2023-01-15 v3.1.10 (3.1.10)
\pgfexternal@startupbox=\box60
) (/nix/store/qj971xbmpyff2na6b62agy00kzabs7a7-texlive-2025-env-texmfdist/tex/generic/pgf/basiclayer/pgfcorelayers.code.tex
File: pgfcorelayers.code.tex 2023-01-15 v3.1.10 (3.1.10)
) (/nix/store/qj971xbmpyff2na6b62agy00kzabs7a7-texlive-2025-env-texmfdist/tex/generic/pgf/basiclayer/pgfcoretransparency.code.tex
File: pgfcoretransparency.code.tex 2023-01-15 v3.1.10 (3.1.10)
) (/nix/store/qj971xbmpyff2na6b62agy00kzabs7a7-texlive-2025-env-texmfdist/tex/generic/pgf/basiclayer/pgfcorepatterns.code.tex
File: pgfcorepatterns.code.tex 2023-01-15 v3.1.10 (3.1.10)
) (/nix/store/qj971xbmpyff2na6b62agy00kzabs7a7-texlive-2025-env-texmfdist/tex/generic/pgf/basiclayer/pgfcorerdf.code.tex
File: pgfcorerdf.code.tex 2023-01-15 v3.1.10 (3.1.10)
))) (/nix/store/qj971xbmpyff2na6b62agy00kzabs7a7-texlive-2025-env-texmfdist/tex/generic/pgf/modules/pgfmoduleshapes.code.tex
File: pgfmoduleshapes.code.tex 2023-01-15 v3.1.10 (3.1.10)
\pgfnodeparttextbox=\box61
) (/nix/store/qj971xbmpyff2na6b62agy00kzabs7a7-texlive-2025-env-texmfdist/tex/generic/pgf/modules/pgfmoduleplot.code.tex
File: pgfmoduleplot.code.tex 2023-01-15 v3.1.10 (3.1.10)
) (/nix/store/qj971xbmpyff2na6b62agy00kzabs7a7-texlive-2025-env-texmfdist/tex/latex/pgf/compatibility/pgfcomp-version-0-65.sty
Package: pgfcomp-version-0-65 2023-01-15 v3.1.10 (3.1.10)
\pgf@nodesepstart=\dimen261
\pgf@nodesepend=\dimen262
)
(/nix/store/qj971xbmpyff2na6b62agy00kzabs7a7-texlive-2025-env-texmfdist/tex/latex/pgf/compatibility/pgfcomp-version-1-18.sty
Package: pgfcomp-version-1-18 2023-01-15 v3.1.10 (3.1.10)
)) (/nix/store/qj971xbmpyff2na6b62agy00kzabs7a7-texlive-2025-env-texmfdist/tex/latex/pgf/utilities/pgffor.sty (/nix/store/qj971xbmpyff2na6b62agy00kzabs7a7-texlive-2025-env-texmfdist/tex/latex/pgf/utilities/pgfkeys.sty (/nix/store/qj971xbmpyff2na6b62agy00kzabs7a7-texlive-2025-env-texmfdist/tex/generic/pgf/utilities/pgfkeys.code.tex)) (/nix/store/qj971xbmpyff2na6b62agy00kzabs7a7-texlive-2025-env-texmfdist/tex/latex/pgf/math/pgfmath.sty (/nix/store/qj971xbmpyff2na6b62agy00kzabs7a7-texlive-2025-env-texmfdist/tex/generic/pgf/math/pgfmath.code.tex)) (/nix/store/qj971xbmpyff2na6b62agy00kzabs7a7-texlive-2025-env-texmfdist/tex/generic/pgf/utilities/pgffor.code.tex
Package: pgffor 2023-01-15 v3.1.10 (3.1.10)
\pgffor@iter=\dimen263
\pgffor@skip=\dimen264
\pgffor@stack=\toks35
\pgffor@toks=\toks36
)) (/nix/store/qj971xbmpyff2na6b62agy00kzabs7a7-texlive-2025-env-texmfdist/tex/generic/pgf/frontendlayer/tikz/tikz.code.tex
Package: tikz 2023-01-15 v3.1.10 (3.1.10)
 (/nix/store/qj971xbmpyff2na6b62agy00kzabs7a7-texlive-2025-env-texmfdist/tex/generic/pgf/libraries/pgflibraryplothandlers.code.tex
File: pgflibraryplothandlers.code.tex 2023-01-15 v3.1.10 (3.1.10)
\pgf@plot@mark@count=\count310
\pgfplotmarksize=\dimen265
)
\tikz@lastx=\dimen266
\tikz@lasty=\dimen267
\tikz@lastxsaved=\dimen268
\tikz@lastysaved=\dimen269
\tikz@lastmovetox=\dimen270
\tikz@lastmovetoy=\dimen271
\tikzleveldistance=\dimen272
\tikzsiblingdistance=\dimen273
\tikz@figbox=\box62
\tikz@figbox@bg=\box63
\tikz@tempbox=\box64
\tikz@tempbox@bg=\box65
\tikztreelevel=\count311
\tikznumberofchildren=\count312
\tikznumberofcurrentchild=\count313
\tikz@fig@count=\count314
 (/nix/store/qj971xbmpyff2na6b62agy00kzabs7a7-texlive-2025-env-texmfdist/tex/generic/pgf/modules/pgfmodulematrix.code.tex
File: pgfmodulematrix.code.tex 2023-01-15 v3.1.10 (3.1.10)
\pgfmatrixcurrentrow=\count315
\pgfmatrixcurrentcolumn=\count316
\pgf@matrix@numberofcolumns=\count317
)
\tikz@expandcount=\count318
 (/nix/store/qj971xbmpyff2na6b62agy00kzabs7a7-texlive-2025-env-texmfdist/tex/generic/pgf/frontendlayer/tikz/libraries/tikzlibrarytopaths.code.tex
File: tikzlibrarytopaths.code.tex 2023-01-15 v3.1.10 (3.1.10)
))) (/nix/store/qj971xbmpyff2na6b62agy00kzabs7a7-texlive-2025-env-texmfdist/tex/generic/pgfplots/pgfplots.code.tex (/nix/store/qj971xbmpyff2na6b62agy00kzabs7a7-texlive-2025-env-texmfdist/tex/generic/pgfplots/pgfplotscore.code.tex
\t@pgfplots@toka=\toks37
\t@pgfplots@tokb=\toks38
\t@pgfplots@tokc=\toks39
\pgfplots@tmpa=\dimen274
\c@pgfplots@coordindex=\count319
\c@pgfplots@scanlineindex=\count320
 (/nix/store/qj971xbmpyff2na6b62agy00kzabs7a7-texlive-2025-env-texmfdist/tex/generic/pgfplots/sys/pgfplotssysgeneric.code.tex)) (/nix/store/qj971xbmpyff2na6b62agy00kzabs7a7-texlive-2025-env-texmfdist/tex/generic/pgfplots/libs/pgfplotslibrary.code.tex) (/nix/store/qj971xbmpyff2na6b62agy00kzabs7a7-texlive-2025-env-texmfdist/tex/generic/pgfplots/oldpgfcompatib/pgfplotsoldpgfsupp_loader.code.tex
(/nix/store/qj971xbmpyff2na6b62agy00kzabs7a7-texlive-2025-env-texmfdist/tex/generic/pgf/libraries/pgflibraryfpu.code.tex)
Package pgfplots: loading complementary utilities for your pgf version...
\t@pgf@toka=\toks40
\t@pgf@tokb=\toks41
\t@pgf@tokc=\toks42
(/nix/store/qj971xbmpyff2na6b62agy00kzabs7a7-texlive-2025-env-texmfdist/tex/generic/pgfplots/oldpgfcompatib/pgfplotsoldpgfsupp_pgfutil-common-lists.tex)) (/nix/store/qj971xbmpyff2na6b62agy00kzabs7a7-texlive-2025-env-texmfdist/tex/generic/pgfplots/util/pgfplotsutil.code.tex (/nix/store/qj971xbmpyff2na6b62agy00kzabs7a7-texlive-2025-env-texmfdist/tex/generic/pgfplots/liststructure/pgfplotsliststructure.code.tex) (/nix/store/qj971xbmpyff2na6b62agy00kzabs7a7-texlive-2025-env-texmfdist/tex/generic/pgfplots/liststructure/pgfplotsliststructureext.code.tex) (/nix/store/qj971xbmpyff2na6b62agy00kzabs7a7-texlive-2025-env-texmfdist/tex/generic/pgfplots/liststructure/pgfplotsarray.code.tex
\c@pgfplotsarray@tmp=\count321
) (/nix/store/qj971xbmpyff2na6b62agy00kzabs7a7-texlive-2025-env-texmfdist/tex/generic/pgfplots/liststructure/pgfplotsmatrix.code.tex) (/nix/store/qj971xbmpyff2na6b62agy00kzabs7a7-texlive-2025-env-texmfdist/tex/generic/pgfplots/numtable/pgfplotstableshared.code.tex
\c@pgfplotstable@counta=\count322
\t@pgfplotstable@a=\toks43
) (/nix/store/qj971xbmpyff2na6b62agy00kzabs7a7-texlive-2025-env-texmfdist/tex/generic/pgfplots/liststructure/pgfplotsdeque.code.tex) (/nix/store/qj971xbmpyff2na6b62agy00kzabs7a7-texlive-2025-env-texmfdist/tex/generic/pgfplots/util/pgfplotsbinary.code.tex (/nix/store/qj971xbmpyff2na6b62agy00kzabs7a7-texlive-2025-env-texmfdist/tex/generic/pgfplots/util/pgfplotsbinary.data.code.tex)) (/nix/store/qj971xbmpyff2na6b62agy00kzabs7a7-texlive-2025-env-texmfdist/tex/generic/pgfplots/util/pgfplotsutil.verb.code.tex) (/nix/store/qj971xbmpyff2na6b62agy00kzabs7a7-texlive-2025-env-texmfdist/tex/generic/pgfplots/libs/pgflibrarypgfplots.surfshading.code.tex
\c@pgfplotslibrarysurf@no=\count323
 (/nix/store/qj971xbmpyff2na6b62agy00kzabs7a7-texlive-2025-env-texmfdist/tex/generic/pgfplots/sys/pgflibrarypgfplots.surfshading.pgfsys-pdftex.def))) (/nix/store/qj971xbmpyff2na6b62agy00kzabs7a7-texlive-2025-env-texmfdist/tex/generic/pgfplots/util/pgfplotscolormap.code.tex (/nix/store/qj971xbmpyff2na6b62agy00kzabs7a7-texlive-2025-env-texmfdist/tex/generic/pgfplots/util/pgfplotscolor.code.tex))
(/nix/store/qj971xbmpyff2na6b62agy00kzabs7a7-texlive-2025-env-texmfdist/tex/generic/pgfplots/pgfplotsstackedplots.code.tex) (/nix/store/qj971xbmpyff2na6b62agy00kzabs7a7-texlive-2025-env-texmfdist/tex/generic/pgfplots/pgfplotsplothandlers.code.tex (/nix/store/qj971xbmpyff2na6b62agy00kzabs7a7-texlive-2025-env-texmfdist/tex/generic/pgfplots/pgfplotsmeshplothandler.code.tex (/nix/store/qj971xbmpyff2na6b62agy00kzabs7a7-texlive-2025-env-texmfdist/tex/generic/pgfplots/pgfplotsmeshplotimage.code.tex))) (/nix/store/qj971xbmpyff2na6b62agy00kzabs7a7-texlive-2025-env-texmfdist/tex/generic/pgfplots/pgfplots.scaling.code.tex) (/nix/store/qj971xbmpyff2na6b62agy00kzabs7a7-texlive-2025-env-texmfdist/tex/generic/pgfplots/pgfplotscoordprocessing.code.tex) (/nix/store/qj971xbmpyff2na6b62agy00kzabs7a7-texlive-2025-env-texmfdist/tex/generic/pgfplots/pgfplots.errorbars.code.tex) (/nix/store/qj971xbmpyff2na6b62agy00kzabs7a7-texlive-2025-env-texmfdist/tex/generic/pgfplots/pgfplots.markers.code.tex) (/nix/store/qj971xbmpyff2na6b62agy00kzabs7a7-texlive-2025-env-texmfdist/tex/generic/pgfplots/pgfplotsticks.code.tex) (/nix/store/qj971xbmpyff2na6b62agy00kzabs7a7-texlive-2025-env-texmfdist/tex/generic/pgfplots/pgfplots.paths.code.tex) (/nix/store/qj971xbmpyff2na6b62agy00kzabs7a7-texlive-2025-env-texmfdist/tex/generic/pgf/frontendlayer/tikz/libraries/tikzlibrarydecorations.code.tex (/nix/store/qj971xbmpyff2na6b62agy00kzabs7a7-texlive-2025-env-texmfdist/tex/generic/pgf/modules/pgfmoduledecorations.code.tex
\pgfdecoratedcompleteddistance=\dimen275
\pgfdecoratedremainingdistance=\dimen276
\pgfdecoratedinputsegmentcompleteddistance=\dimen277
\pgfdecoratedinputsegmentremainingdistance=\dimen278
\pgf@decorate@distancetomove=\dimen279
\pgf@decorate@repeatstate=\count324
\pgfdecorationsegmentamplitude=\dimen280
\pgfdecorationsegmentlength=\dimen281
)
\tikz@lib@dec@box=\box66
) (/nix/store/qj971xbmpyff2na6b62agy00kzabs7a7-texlive-2025-env-texmfdist/tex/generic/pgf/frontendlayer/tikz/libraries/tikzlibrarydecorations.pathmorphing.code.tex (/nix/store/qj971xbmpyff2na6b62agy00kzabs7a7-texlive-2025-env-texmfdist/tex/generic/pgf/libraries/decorations/pgflibrarydecorations.pathmorphing.code.tex)) (/nix/store/qj971xbmpyff2na6b62agy00kzabs7a7-texlive-2025-env-texmfdist/tex/generic/pgf/frontendlayer/tikz/libraries/tikzlibrarydecorations.pathreplacing.code.tex
(/nix/store/qj971xbmpyff2na6b62agy00kzabs7a7-texlive-2025-env-texmfdist/tex/generic/pgf/libraries/decorations/pgflibrarydecorations.pathreplacing.code.tex)) (/nix/store/qj971xbmpyff2na6b62agy00kzabs7a7-texlive-2025-env-texmfdist/tex/generic/pgfplots/libs/tikzlibrarypgfplots.contourlua.code.tex)
\pgfplots@numplots=\count325
\pgfplots@xmin@reg=\dimen282
\pgfplots@xmax@reg=\dimen283
\pgfplots@ymin@reg=\dimen284
\pgfplots@ymax@reg=\dimen285
\pgfplots@zmin@reg=\dimen286
\pgfplots@zmax@reg=\dimen287
) (/nix/store/qj971xbmpyff2na6b62agy00kzabs7a7-texlive-2025-env-texmfdist/tex/generic/pgf/frontendlayer/tikz/libraries/tikzlibraryplotmarks.code.tex
File: tikzlibraryplotmarks.code.tex 2023-01-15 v3.1.10 (3.1.10)
 (/nix/store/qj971xbmpyff2na6b62agy00kzabs7a7-texlive-2025-env-texmfdist/tex/generic/pgf/libraries/pgflibraryplotmarks.code.tex
File: pgflibraryplotmarks.code.tex 2023-01-15 v3.1.10 (3.1.10)
))) (/nix/store/qj971xbmpyff2na6b62agy00kzabs7a7-texlive-2025-env-texmfdist/tex/latex/tools/enumerate.sty
Package: enumerate 2023/07/04 v3.00 enumerate extensions (DPC)
\@enLab=\toks44
) (/nix/store/qj971xbmpyff2na6b62agy00kzabs7a7-texlive-2025-env-texmfdist/tex/latex/enumitem/enumitem.sty
Package: enumitem 2025/02/06 v3.11 Customized lists
\labelindent=\skip68
\enit@outerparindent=\dimen288
\enit@toks=\toks45
\enit@inbox=\box67
\enit@count@id=\count326
\enitdp@description=\count327
) (/nix/store/qj971xbmpyff2na6b62agy00kzabs7a7-texlive-2025-env-texmfdist/tex/latex/l3backend/l3backend-pdftex.def
File: l3backend-pdftex.def 2025-06-09 L3 backend support: PDF output (pdfTeX)
\l__color_backend_stack_int=\count328
) (./EarL.aux)
\openout1 = `EarL.aux'.

LaTeX Font Info:    Checking defaults for OML/cmm/m/it on input line 32.
LaTeX Font Info:    ... okay on input line 32.
LaTeX Font Info:    Checking defaults for OMS/cmsy/m/n on input line 32.
LaTeX Font Info:    ... okay on input line 32.
LaTeX Font Info:    Checking defaults for OT1/cmr/m/n on input line 32.
LaTeX Font Info:    ... okay on input line 32.
LaTeX Font Info:    Checking defaults for T1/cmr/m/n on input line 32.
LaTeX Font Info:    ... okay on input line 32.
LaTeX Font Info:    Checking defaults for TS1/cmr/m/n on input line 32.
LaTeX Font Info:    ... okay on input line 32.
LaTeX Font Info:    Checking defaults for OMX/cmex/m/n on input line 32.
LaTeX Font Info:    ... okay on input line 32.
LaTeX Font Info:    Checking defaults for U/cmr/m/n on input line 32.
LaTeX Font Info:    ... okay on input line 32.
 (/nix/store/qj971xbmpyff2na6b62agy00kzabs7a7-texlive-2025-env-texmfdist/tex/context/base/mkii/supp-pdf.mkii
[Loading MPS to PDF converter (version 2006.09.02).]
\scratchcounter=\count329
\scratchdimen=\dimen289
\scratchbox=\box68
\nofMPsegments=\count330
\nofMParguments=\count331
\everyMPshowfont=\toks46
\MPscratchCnt=\count332
\MPscratchDim=\dimen290
\MPnumerator=\count333
\makeMPintoPDFobject=\count334
\everyMPtoPDFconversion=\toks47
) (/nix/store/qj971xbmpyff2na6b62agy00kzabs7a7-texlive-2025-env-texmfdist/tex/latex/epstopdf-pkg/epstopdf-base.sty
Package: epstopdf-base 2020-01-24 v2.11 Base part for package epstopdf
 (/nix/store/qj971xbmpyff2na6b62agy00kzabs7a7-texlive-2025-env-texmfdist/tex/generic/infwarerr/infwarerr.sty
Package: infwarerr 2019/12/03 v1.5 Providing info/warning/error messages (HO)
) (/nix/store/qj971xbmpyff2na6b62agy00kzabs7a7-texlive-2025-env-texmfdist/tex/latex/grfext/grfext.sty
Package: grfext 2019/12/03 v1.3 Manage graphics extensions (HO)
 (/nix/store/qj971xbmpyff2na6b62agy00kzabs7a7-texlive-2025-env-texmfdist/tex/generic/kvdefinekeys/kvdefinekeys.sty
Package: kvdefinekeys 2019-12-19 v1.6 Define keys (HO)
)) (/nix/store/qj971xbmpyff2na6b62agy00kzabs7a7-texlive-2025-env-texmfdist/tex/latex/kvoptions/kvoptions.sty
Package: kvoptions 2022-06-15 v3.15 Key value format for package options (HO)
 (/nix/store/qj971xbmpyff2na6b62agy00kzabs7a7-texlive-2025-env-texmfdist/tex/generic/ltxcmds/ltxcmds.sty
Package: ltxcmds 2023-12-04 v1.26 LaTeX kernel commands for general use (HO)
) (/nix/store/qj971xbmpyff2na6b62agy00kzabs7a7-texlive-2025-env-texmfdist/tex/latex/kvsetkeys/kvsetkeys.sty
Package: kvsetkeys 2022-10-05 v1.19 Key value parser (HO)
)) (/nix/store/qj971xbmpyff2na6b62agy00kzabs7a7-texlive-2025-env-texmfdist/tex/generic/pdftexcmds/pdftexcmds.sty
Package: pdftexcmds 2020-06-27 v0.33 Utility functions of pdfTeX for LuaTeX (HO)
Package pdftexcmds Info: \pdf@primitive is available.
Package pdftexcmds Info: \pdf@ifprimitive is available.
Package pdftexcmds Info: \pdfdraftmode found.
)
Package epstopdf-base Info: Redefining graphics rule for `.eps' on input line 485.
Package grfext Info: Graphics extension search list:
(grfext)             [.pdf,.png,.jpg,.mps,.jpeg,.jbig2,.jb2,.PDF,.PNG,.JPG,.JPEG,.JBIG2,.JB2,.eps]
(grfext)             \AppendGraphicsExtensions on input line 504.
 (/nix/store/qj971xbmpyff2na6b62agy00kzabs7a7-texlive-2025-env-texmfdist/tex/latex/latexconfig/epstopdf-sys.cfg
File: epstopdf-sys.cfg 2010/07/13 v1.3 Configuration of (r)epstopdf for TeX Live
))
LaTeX Info: Redefining \celsius on input line 32.
Package gensymb Info: Faking symbols for \degree and \celsius on input line 32.


Package gensymb Warning: Not defining \perthousand.

LaTeX Info: Redefining \ohm on input line 32.
Package gensymb Info: Using \Omega for \ohm on input line 32.

Package gensymb Warning: Not defining \micro.

*geometry* driver: auto-detecting
*geometry* detected driver: pdftex
*geometry* verbose mode - [ preamble ] result:
* driver: pdftex
* paper: <default>
* layout: <same size as paper>
* layoutoffset:(h,v)=(0.0pt,0.0pt)
* modes: 
* h-part:(L,W,R)=(72.26999pt, 469.75502pt, 72.26999pt)
* v-part:(T,H,B)=(72.26999pt, 650.43001pt, 72.26999pt)
* \paperwidth=614.295pt
* \paperheight=794.96999pt
* \textwidth=469.75502pt
* \textheight=650.43001pt
* \oddsidemargin=0.0pt
* \evensidemargin=0.0pt
* \topmargin=-37.0pt
* \headheight=12.0pt
* \headsep=25.0pt
* \topskip=12.0pt
* \footskip=30.0pt
* \marginparwidth=44.0pt
* \marginparsep=10.0pt
* \columnsep=10.0pt
* \skip\footins=10.8pt plus 4.0pt minus 2.0pt
* \hoffset=0.0pt
* \voffset=0.0pt
* \mag=1000
* \@twocolumnfalse
* \@twosidefalse
* \@mparswitchfalse
* \@reversemarginfalse
* (1in=72.27pt=25.4mm, 1cm=28.453pt)

Package pgfplots notification 'compat/show suggested version=true': document has been generated with the most recent feature set (\pgfplotsset{compat=1.18}).

(./EarL.toc)
\tf@toc=\write4
\openout4 = `EarL.toc'.



[1

{/nix/store/ircxxmnj7584drddhzrk8r1pq63a24x9-texlive-2025-env/share/texmf-var/fonts/map/pdftex/updmap/pdftex.map}]

[2] (./EarL.aux)
 ***********
LaTeX2e <2025-06-01> patch level 1
L3 programming layer <2025-06-09>
 ***********
 ) 
Here is how much of TeX's memory you used:
 24257 strings out of 467890
 638741 string characters out of 5410143
 1147201 words of memory out of 5000000
 52422 multiletter control sequences out of 15000+600000
 632660 words of font info for 60 fonts, out of 8000000 for 9000
 1141 hyphenation exceptions out of 8191
 99i,11n,105p,725b,609s stack positions out of 10000i,1000n,20000p,200000b,200000s
</nix/store/qj971xbmpyff2na6b62agy00kzabs7a7-texlive-2025-env-texmfdist/fonts/type1/public/amsfonts/cm/cmbx10.pfb></nix/store/qj971xbmpyff2na6b62agy00kzabs7a7-texlive-2025-env-texmfdist/fonts/type1/public/amsfonts/cm/cmbx12.pfb></nix/store/qj971xbmpyff2na6b62agy00kzabs7a7-texlive-2025-env-texmfdist/fonts/type1/public/amsfonts/cm/cmr10.pfb></nix/store/qj971xbmpyff2na6b62agy00kzabs7a7-texlive-2025-env-texmfdist/fonts/type1/public/amsfonts/cm/cmr12.pfb>
Output written on EarL.pdf (2 pages, 59979 bytes).
PDF statistics:
 34 PDF objects out of 1000 (max. 8388607)
 21 compressed objects within 1 object stream
 0 named destinations out of 1000 (max. 500000)
 13 words of extra memory for PDF output out of 10000 (max. 10000000)

